<?xml version="1.0" encoding="UTF-8"?>
<testng-results ignored="0" total="1" passed="1" failed="0" skipped="0">
  <reporter-output>
  </reporter-output>
  <suite started-at="2024-04-27T17:16:28 IST" name="Default suite" finished-at="2024-04-27T17:16:28 IST" duration-ms="602">
    <groups>
    </groups>
    <test started-at="2024-04-27T17:16:28 IST" name="Default test" finished-at="2024-04-27T17:16:28 IST" duration-ms="602">
      <class name="Demo1.ExcelWriteDemo">
        <test-method signature="test()[pri:0, instance:Demo1.ExcelWriteDemo@7b2bbc3]" started-at="2024-04-27T17:16:28 IST" name="test" finished-at="2024-04-27T17:16:28 IST" duration-ms="566" status="PASS">
          <reporter-output>
          </reporter-output>
        </test-method> <!-- test -->
      </class> <!-- Demo1.ExcelWriteDemo -->
    </test> <!-- Default test -->
  </suite> <!-- Default suite -->
</testng-results>
